Player 2's Move: (9, 6)
Hit
Player 1's Move: (9, 8)
Miss
Player 2's Move: (9, 5)
Hit
Player 1's Move: (7, 8)
Miss
Player 2's Move: (9, 4)
Hit
Player 1's Move: (0, 8)
Miss
Player 2's Move: (9, 3)
Hit

Player 1's Battleship was sunk.

Player 1's Move: (5, 6)
Miss
Player 2's Move: (6, 1)
Hit
Player 1's Move: (7, 5)
Miss
Player 2's Move: (5, 1)
Hit
Player 1's Move: (4, 8)
Miss
Player 2's Move: (4, 7)
Hit
Player 1's Move: (4, 2)
Miss
Player 2's Move: (4, 6)
Hit
Player 1's Move: (1, 1)
Miss
Player 2's Move: (4, 5)
Hit

Player 1's Cruiser was sunk.

Player 1's Move: (2, 2)
Hit
Player 2's Move: (4, 1)
Hit

Player 1's Submarine was sunk.

Player 1's Move: (3, 3)
Miss
Player 2's Move: (2, 3)
Hit
Player 1's Move: (4, 5)
Miss
Player 2's Move: (2, 2)
Hit

Player 1's Destroyer was sunk.

Player 1's Move: (6, 7)
Miss
Player 2's Move: (1, 5)
Hit
Player 1's Move: (2, 3)
Hit
Player 2's Move: (1, 4)
Hit
Player 1's Move: (2, 1)
Hit
Player 2's Move: (1, 3)
Hit
Player 1's Move: (2, 0)
Miss
Player 2's Move: (1, 2)
Hit
Player 1's Move: (2, 4)
Hit

Player 2's Battleship was sunk.

Player 2's Move: (1, 1)
Hit

Player 1's Carrier was sunk.

Player 1's Move: (8, 9)
Miss

Player 1 Statistics:
Number of Hits: 4
Number of Misses: 13
Total Shots: 17
Hit/Miss Ratio: 0.307692

Player 2 Statistics:
Number of Hits: 17
Number of Misses: 0
Total Shots: 17
Hit/Miss Ratio: 1.#INF00
